2024-07-09 12:46:31,360 - INFO - Starting worker task
2024-07-09 12:46:31,361 - INFO - Worker started
2024-07-09 12:46:31,361 - INFO - Worker waiting for items in the queue
2024-07-09 12:46:31,361 - INFO - Worker task created
2024-07-09 12:46:40,799 - INFO - Recording video
2024-07-09 12:46:40,800 - INFO - Started recording video: d:\Workplace-monitoring-System\output_1.mp4
2024-07-09 12:46:50,104 - INFO - Finished recording video: d:\Workplace-monitoring-System\output_1.mp4
2024-07-09 12:46:50,116 - INFO - Recording completed. Adding videos to queue
2024-07-09 12:46:50,116 - INFO - Queue now contains: [('d:\\Workplace-monitoring-System\\copy2_output_1.mp4', 'fight_detection')]
2024-07-09 12:46:50,116 - INFO - Worker processing d:\Workplace-monitoring-System\copy2_output_1.mp4 with model fight_detection
2024-07-09 12:46:50,118 - INFO - Inside Process Video for model fight_detection on file d:\Workplace-monitoring-System\copy2_output_1.mp4
2024-07-09 12:46:50,118 - INFO - Started fight detection on: d:\Workplace-monitoring-System\copy2_output_1.mp4
2024-07-09 12:46:50,187 - INFO - Started fight detection on: d:\Workplace-monitoring-System\copy2_output_1.mp4
2024-07-09 12:46:50,777 - INFO - Using device: cpu
2024-07-09 12:46:51,415 - INFO - [DetectionCheckpointer] Loading from https://dl.fbaipublicfiles.com/detectron2/COCO-Detection/faster_rcnn_R_50_FPN_3x/137849458/model_final_280758.pkl ...
2024-07-09 12:46:51,416 - INFO - URL https://dl.fbaipublicfiles.com/detectron2/COCO-Detection/faster_rcnn_R_50_FPN_3x/137849458/model_final_280758.pkl cached in C:\Users\Ahmad/.torch/iopath_cache\detectron2/COCO-Detection/faster_rcnn_R_50_FPN_3x/137849458\model_final_280758.pkl
2024-07-09 12:46:51,416 - INFO - [Checkpointer] Loading from C:\Users\Ahmad/.torch/iopath_cache\detectron2/COCO-Detection/faster_rcnn_R_50_FPN_3x/137849458\model_final_280758.pkl ...
2024-07-09 12:46:51,539 - INFO - Reading a file from 'Detectron2 Model Zoo'
2024-07-09 12:46:51,598 - INFO - Made a copy of the original video: d:\Workplace-monitoring-System\copy_copy2_output_1.mp4
2024-07-09 12:46:51,612 - INFO - Input Video FPS: 20.0, Frame Size: 640x480
2024-07-09 12:46:51,612 - INFO - Output video will be saved to: d:\Workplace-monitoring-System\processed_copy2_output_1.mp4
2024-07-09 12:46:51,614 - INFO - VideoWriter initialized successfully.
2024-07-09 12:46:55,910 - INFO - Detected 2 person(s) in frame.
2024-07-09 12:46:57,619 - INFO - Finished generating predictions.
2024-07-09 12:46:57,619 - INFO - Fight detected. Preparing to save the video.
2024-07-09 12:46:58,389 - INFO - Released video writer resources.
2024-07-09 12:47:00,461 - INFO - Fight detection sent to FastAPI. Response: {'info': 'Detection record saved'}
2024-07-09 12:47:00,463 - INFO - Deleted the original video copy: d:\Workplace-monitoring-System\copy_copy2_output_1.mp4
2024-07-09 12:47:00,532 - INFO - Fight detection completed for: d:\Workplace-monitoring-System\copy2_output_1.mp4
2024-07-09 12:47:00,628 - INFO - Completed fight detection on: d:\Workplace-monitoring-System\copy2_output_1.mp4
2024-07-09 12:47:00,629 - INFO - Attempting to delete video: d:\Workplace-monitoring-System\copy2_output_1.mp4
2024-07-09 12:47:00,629 - ERROR - Error deleting video d:\Workplace-monitoring-System\copy2_output_1.mp4: [WinError 2] The system cannot find the file specified: 'd:\\Workplace-monitoring-System\\copy2_output_1.mp4'
2024-07-09 12:47:00,629 - INFO - Worker finished processing d:\Workplace-monitoring-System\copy2_output_1.mp4 with model fight_detection
2024-07-09 12:47:00,630 - INFO - Worker waiting for items in the queue
2024-07-09 12:47:02,156 - INFO - Recording video
2024-07-09 12:47:02,156 - INFO - Started recording video: d:\Workplace-monitoring-System\output_2.mp4
2024-07-09 12:47:11,179 - INFO - Finished recording video: d:\Workplace-monitoring-System\output_2.mp4
2024-07-09 12:47:11,188 - INFO - Recording completed. Adding videos to queue
2024-07-09 12:47:11,189 - INFO - Queue now contains: [('d:\\Workplace-monitoring-System\\copy2_output_2.mp4', 'fight_detection')]
2024-07-09 12:47:11,189 - INFO - Worker processing d:\Workplace-monitoring-System\copy2_output_2.mp4 with model fight_detection
2024-07-09 12:47:11,190 - INFO - Inside Process Video for model fight_detection on file d:\Workplace-monitoring-System\copy2_output_2.mp4
2024-07-09 12:47:11,190 - INFO - Started fight detection on: d:\Workplace-monitoring-System\copy2_output_2.mp4
2024-07-09 12:47:11,256 - INFO - Started fight detection on: d:\Workplace-monitoring-System\copy2_output_2.mp4
2024-07-09 12:47:11,865 - INFO - Using device: cpu
2024-07-09 12:47:12,506 - INFO - [DetectionCheckpointer] Loading from https://dl.fbaipublicfiles.com/detectron2/COCO-Detection/faster_rcnn_R_50_FPN_3x/137849458/model_final_280758.pkl ...
2024-07-09 12:47:12,506 - INFO - [Checkpointer] Loading from C:\Users\Ahmad/.torch/iopath_cache\detectron2/COCO-Detection/faster_rcnn_R_50_FPN_3x/137849458\model_final_280758.pkl ...
2024-07-09 12:47:12,624 - INFO - Reading a file from 'Detectron2 Model Zoo'
2024-07-09 12:47:12,676 - INFO - Made a copy of the original video: d:\Workplace-monitoring-System\copy_copy2_output_2.mp4
2024-07-09 12:47:12,686 - INFO - Input Video FPS: 20.0, Frame Size: 640x480
2024-07-09 12:47:12,687 - INFO - Output video will be saved to: d:\Workplace-monitoring-System\processed_copy2_output_2.mp4
2024-07-09 12:47:12,688 - INFO - VideoWriter initialized successfully.
2024-07-09 12:47:16,548 - INFO - Detected 2 person(s) in frame.
2024-07-09 12:47:18,270 - INFO - Finished generating predictions.
2024-07-09 12:47:18,271 - INFO - Fight detected. Preparing to save the video.
2024-07-09 12:47:19,114 - INFO - Released video writer resources.
2024-07-09 12:47:21,146 - INFO - Fight detection sent to FastAPI. Response: {'info': 'Detection record saved'}
2024-07-09 12:47:21,148 - INFO - Deleted the original video copy: d:\Workplace-monitoring-System\copy_copy2_output_2.mp4
2024-07-09 12:47:21,229 - INFO - Fight detection completed for: d:\Workplace-monitoring-System\copy2_output_2.mp4
2024-07-09 12:47:21,327 - INFO - Completed fight detection on: d:\Workplace-monitoring-System\copy2_output_2.mp4
2024-07-09 12:47:21,328 - INFO - Attempting to delete video: d:\Workplace-monitoring-System\copy2_output_2.mp4
2024-07-09 12:47:21,329 - ERROR - Error deleting video d:\Workplace-monitoring-System\copy2_output_2.mp4: [WinError 2] The system cannot find the file specified: 'd:\\Workplace-monitoring-System\\copy2_output_2.mp4'
2024-07-09 12:47:21,329 - INFO - Worker finished processing d:\Workplace-monitoring-System\copy2_output_2.mp4 with model fight_detection
2024-07-09 12:47:21,329 - INFO - Worker waiting for items in the queue
2024-07-09 12:48:04,947 - INFO - Recording video
2024-07-09 12:48:04,947 - INFO - Started recording video: d:\Workplace-monitoring-System\output_3.mp4
2024-07-09 12:48:14,045 - INFO - Finished recording video: d:\Workplace-monitoring-System\output_3.mp4
2024-07-09 12:48:14,055 - INFO - Recording completed. Adding videos to queue
2024-07-09 12:48:14,055 - INFO - Queue now contains: [('d:\\Workplace-monitoring-System\\copy2_output_3.mp4', 'fight_detection')]
2024-07-09 12:48:14,055 - INFO - Worker processing d:\Workplace-monitoring-System\copy2_output_3.mp4 with model fight_detection
2024-07-09 12:48:14,056 - INFO - Inside Process Video for model fight_detection on file d:\Workplace-monitoring-System\copy2_output_3.mp4
2024-07-09 12:48:14,056 - INFO - Started fight detection on: d:\Workplace-monitoring-System\copy2_output_3.mp4
2024-07-09 12:48:14,126 - INFO - Started fight detection on: d:\Workplace-monitoring-System\copy2_output_3.mp4
2024-07-09 12:48:14,698 - INFO - Using device: cpu
2024-07-09 12:48:15,248 - INFO - [DetectionCheckpointer] Loading from https://dl.fbaipublicfiles.com/detectron2/COCO-Detection/faster_rcnn_R_50_FPN_3x/137849458/model_final_280758.pkl ...
2024-07-09 12:48:15,248 - INFO - [Checkpointer] Loading from C:\Users\Ahmad/.torch/iopath_cache\detectron2/COCO-Detection/faster_rcnn_R_50_FPN_3x/137849458\model_final_280758.pkl ...
2024-07-09 12:48:15,365 - INFO - Reading a file from 'Detectron2 Model Zoo'
2024-07-09 12:48:15,430 - INFO - Made a copy of the original video: d:\Workplace-monitoring-System\copy_copy2_output_3.mp4
2024-07-09 12:48:15,440 - INFO - Input Video FPS: 20.0, Frame Size: 640x480
2024-07-09 12:48:15,440 - INFO - Output video will be saved to: d:\Workplace-monitoring-System\processed_copy2_output_3.mp4
2024-07-09 12:48:15,442 - INFO - VideoWriter initialized successfully.
2024-07-09 12:48:19,456 - INFO - Detected 1 person(s) in frame.
2024-07-09 12:48:21,115 - INFO - Recording video
2024-07-09 12:48:21,115 - INFO - Started recording video: d:\Workplace-monitoring-System\output_4.mp4
2024-07-09 12:48:26,362 - INFO - Detected 1 person(s) in frame.
2024-07-09 12:48:28,309 - INFO - Finished generating predictions.
2024-07-09 12:48:28,309 - INFO - Fight detected. Preparing to save the video.
2024-07-09 12:48:29,250 - INFO - Released video writer resources.
2024-07-09 12:48:29,943 - INFO - Finished recording video: d:\Workplace-monitoring-System\output_4.mp4
2024-07-09 12:48:29,955 - INFO - Recording completed. Adding videos to queue
2024-07-09 12:48:29,955 - INFO - Queue now contains: [('d:\\Workplace-monitoring-System\\copy2_output_4.mp4', 'fight_detection')]
2024-07-09 12:48:31,299 - INFO - Fight detection sent to FastAPI. Response: {'info': 'Detection record saved'}
2024-07-09 12:48:31,300 - INFO - Deleted the original video copy: d:\Workplace-monitoring-System\copy_copy2_output_3.mp4
2024-07-09 12:48:31,395 - INFO - Fight detection completed for: d:\Workplace-monitoring-System\copy2_output_3.mp4
2024-07-09 12:48:31,524 - INFO - Completed fight detection on: d:\Workplace-monitoring-System\copy2_output_3.mp4
2024-07-09 12:48:31,525 - INFO - Attempting to delete video: d:\Workplace-monitoring-System\copy2_output_3.mp4
2024-07-09 12:48:31,526 - ERROR - Error deleting video d:\Workplace-monitoring-System\copy2_output_3.mp4: [WinError 2] The system cannot find the file specified: 'd:\\Workplace-monitoring-System\\copy2_output_3.mp4'
2024-07-09 12:48:31,526 - INFO - Worker finished processing d:\Workplace-monitoring-System\copy2_output_3.mp4 with model fight_detection
2024-07-09 12:48:31,526 - INFO - Worker waiting for items in the queue
2024-07-09 12:48:31,526 - INFO - Worker processing d:\Workplace-monitoring-System\copy2_output_4.mp4 with model fight_detection
2024-07-09 12:48:31,527 - INFO - Inside Process Video for model fight_detection on file d:\Workplace-monitoring-System\copy2_output_4.mp4
2024-07-09 12:48:31,527 - INFO - Started fight detection on: d:\Workplace-monitoring-System\copy2_output_4.mp4
2024-07-09 12:48:31,599 - INFO - Started fight detection on: d:\Workplace-monitoring-System\copy2_output_4.mp4
2024-07-09 12:48:32,310 - INFO - Using device: cpu
2024-07-09 12:48:32,845 - INFO - [DetectionCheckpointer] Loading from https://dl.fbaipublicfiles.com/detectron2/COCO-Detection/faster_rcnn_R_50_FPN_3x/137849458/model_final_280758.pkl ...
2024-07-09 12:48:32,845 - INFO - [Checkpointer] Loading from C:\Users\Ahmad/.torch/iopath_cache\detectron2/COCO-Detection/faster_rcnn_R_50_FPN_3x/137849458\model_final_280758.pkl ...
2024-07-09 12:48:32,942 - INFO - Reading a file from 'Detectron2 Model Zoo'
2024-07-09 12:48:33,001 - INFO - Made a copy of the original video: d:\Workplace-monitoring-System\copy_copy2_output_4.mp4
2024-07-09 12:48:33,012 - INFO - Input Video FPS: 20.0, Frame Size: 640x480
2024-07-09 12:48:33,012 - INFO - Output video will be saved to: d:\Workplace-monitoring-System\processed_copy2_output_4.mp4
2024-07-09 12:48:33,013 - INFO - VideoWriter initialized successfully.
2024-07-09 12:48:37,385 - INFO - Detected 1 person(s) in frame.
2024-07-09 12:48:43,423 - INFO - Detected 1 person(s) in frame.
2024-07-09 12:48:45,251 - INFO - Finished generating predictions.
2024-07-09 12:48:45,251 - INFO - Fight detected. Preparing to save the video.
2024-07-09 12:48:46,029 - INFO - Released video writer resources.
2024-07-09 12:48:48,068 - INFO - Fight detection sent to FastAPI. Response: {'info': 'Detection record saved'}
2024-07-09 12:48:48,070 - INFO - Deleted the original video copy: d:\Workplace-monitoring-System\copy_copy2_output_4.mp4
2024-07-09 12:48:48,144 - INFO - Fight detection completed for: d:\Workplace-monitoring-System\copy2_output_4.mp4
2024-07-09 12:48:48,249 - INFO - Completed fight detection on: d:\Workplace-monitoring-System\copy2_output_4.mp4
2024-07-09 12:48:48,250 - INFO - Attempting to delete video: d:\Workplace-monitoring-System\copy2_output_4.mp4
2024-07-09 12:48:48,250 - ERROR - Error deleting video d:\Workplace-monitoring-System\copy2_output_4.mp4: [WinError 2] The system cannot find the file specified: 'd:\\Workplace-monitoring-System\\copy2_output_4.mp4'
2024-07-09 12:48:48,250 - INFO - Worker finished processing d:\Workplace-monitoring-System\copy2_output_4.mp4 with model fight_detection
2024-07-09 12:48:48,250 - INFO - Worker waiting for items in the queue
